<?xml version="1.0" encoding="UTF-8"?>
<testsuite xmlns:xsi="http://www.w3.org/2001/XMLSchema-instance" xsi:noNamespaceSchemaLocation="https://maven.apache.org/surefire/maven-surefire-plugin/xsd/surefire-test-report.xsd" name="io.revolut.AppTest" time="4.975" tests="6" errors="0" skipped="0" failures="1">
  <properties>
[...]
</properties>
  <testcase name="testInSufficientAccountTransfer" classname="io.revolut.AppTest" time="2.138">
    <failure message="1 expectation failed.&#10;Response body doesn&apos;t match expectation.&#10;Expected: &lt;100&gt;&#10;  Actual: 100&#10;" type="java.lang.AssertionError"><![CDATA[java.lang.AssertionError: 
1 expectation failed.
Response body doesn't match expectation.
Expected: <100>
  Actual: 100

	at io.revolut.AppTest.testInSufficientAccountTransfer(AppTest.java:134)
]]></failure>
    <system-out><![CDATA[[2019-01-01 22:38:06,553]-[main] INFO  org.xnio - XNIO version 3.3.8.Final
[2019-01-01 22:38:06,568]-[main] INFO  org.xnio.nio - XNIO NIO Implementation Version 3.3.8.Final
[2019-01-01 22:38:06,721]-[main] INFO  io.revolut.App - [dev@undertow]: Server started in 1498ms

  GET  /accounts                    [*/*]     [*/*]    (/AccountApiController.getAll)
  GET  /accounts/{id}               [*/*]     [*/*]    (/AccountApiController.getOne)
  GET  /accounts/{id}/{currency}    [*/*]     [*/*]    (/AccountApiController.getCurrencyBalance)
  POST /accounts/transfer           [*/*]     [*/*]    (/AccountApiController.makeTransfer)

listening on:
  http://localhost:8080/

[2019-01-01 22:38:09,134]-[utow task-1] ERROR org.jooby.Err - execution of: POST/accounts/transfer resulted in exception
Route:
      | Method | Path               | Source                                 | Name                               | Pattern            | Consumes | Produces |
      |--------|--------------------|----------------------------------------|------------------------------------|--------------------|----------|----------|
      | POST   | /accounts/transfer | io.revolut.api.AccountApiController:52 | /AccountApiController.makeTransfer | /accounts/transfer | [*/*]    | [*/*]    |

Stacktrace:
org.jooby.Err: Bad Request(400)
	at org.jooby.internal.HttpHandlerImpl.handleErr(HttpHandlerImpl.java:589)
	at org.jooby.internal.HttpHandlerImpl.cleanup(HttpHandlerImpl.java:562)
	at org.jooby.internal.HttpHandlerImpl.handle(HttpHandlerImpl.java:504)
	at org.jooby.internal.undertow.UndertowHandler.handleRequest(UndertowHandler.java:252)
	at io.undertow.server.Connectors.executeRootHandler(Connectors.java:360)
	at io.undertow.server.HttpServerExchange$1.run(HttpServerExchange.java:830)
	at java.util.concurrent.ThreadPoolExecutor.runWorker(ThreadPoolExecutor.java:1149)
	at java.util.concurrent.ThreadPoolExecutor$Worker.run(ThreadPoolExecutor.java:624)
	at java.lang.Thread.run(Thread.java:748)
Caused by: java.lang.IllegalArgumentException: Account INR1000000105 has insufficient funds 
	at io.revolut.domain.TransactionService.processTransaction(TransactionService.java:39)
	at io.revolut.domain.TransactionService.makeTransaction(TransactionService.java:23)
	at io.revolut.api.TransferService.makeTransfer(TransferService.java:29)
	at io.revolut.api.AccountApiController.makeTransfer(AccountApiController.java:53)
	at sun.reflect.NativeMethodAccessorImpl.invoke0(Native Method)
	at sun.reflect.NativeMethodAccessorImpl.invoke(NativeMethodAccessorImpl.java:62)
	at sun.reflect.DelegatingMethodAccessorImpl.invoke(DelegatingMethodAccessorImpl.java:43)
	at java.lang.reflect.Method.invoke(Method.java:498)
	at org.jooby.internal.mvc.MvcHandler.lambda$invoke$0(MvcHandler.java:278)
	at org.jooby.funzy.Throwing.fn(Throwing.java:2423)
	at org.jooby.funzy.Throwing.access$400(Throwing.java:39)
	at org.jooby.funzy.Throwing$Supplier.get(Throwing.java:145)
	at org.jooby.funzy.Try.apply(Try.java:691)
	at org.jooby.internal.mvc.MvcHandler.invoke(MvcHandler.java:269)
	at org.jooby.internal.mvc.MvcHandler.handle(MvcHandler.java:251)
	at org.jooby.internal.RouteImpl.handle(RouteImpl.java:280)
	at org.jooby.internal.RouteChain.next(RouteChain.java:262)
	at org.jooby.Route$Chain.next(Route.java:2163)
	at org.jooby.internal.HttpHandlerImpl.handle(HttpHandlerImpl.java:496)
	... 6 common frames omitted
]]></system-out>
  </testcase>
  <testcase name="testValidTransfer" classname="io.revolut.AppTest" time="0.048"/>
  <testcase name="testGetAccountsSize" classname="io.revolut.AppTest" time="0.184"/>
  <testcase name="testNonExistingAccount" classname="io.revolut.AppTest" time="0.015"/>
  <testcase name="testGetAccount" classname="io.revolut.AppTest" time="0.304"/>
  <testcase name="testSameAccountTransfer" classname="io.revolut.AppTest" time="0.026"/>
</testsuite>